<?xml version="1.0" encoding="UTF-8"?>
<!-- Generated by org.testng.reporters.JUnitXMLReporter -->
<testsuite ignored="1" hostname="DESKTOP-I41HQ3G" failures="0" tests="4" name="Car Loan" time="0.018" errors="0" timestamp="2024-08-22T20:10:44 SAST">
  <testcase classname="test.day3" name="mobileCarLogin" time="0.002"/>
  <testcase classname="test.day3" name="mobileCarLogout" time="0.001"/>
  <testcase classname="test.day3" name="webCarlogin" time="0.001"/>
  <testcase classname="test.day3" name="LoginCarAPI" time="0.0"/>
  <testcase classname="test.day3" name="mobileCarsignin" time="0.0">
    <ignored/>
  </testcase> <!-- mobileCarsignin -->
</testsuite> <!-- Car Loan -->
