<?xml version="1.0" encoding="UTF-8"?>
<!-- Generated by org.testng.reporters.JUnitXMLReporter -->
<testsuite ignored="1" hostname="DESKTOP-I41HQ3G" failures="1" tests="5" name="Personal Loan" time="0.046" errors="0" timestamp="2024-08-22T20:10:44 SAST">
  <testcase classname="test.day1" name="Demo" time="0.009"/>
  <testcase classname="test.day2" name="ploan" time="0.001"/>
  <testcase classname="test.day4" name="LoginHomeAPI" time="0.001"/>
  <testcase classname="test.day4" name="mobileHomeLogin" time="0.001"/>
  <testcase classname="test.day4" name="webHomelogin" time="0.004">
    <failure type="java.lang.AssertionError" message="expected [true] but found [false]">
      <![CDATA[java.lang.AssertionError: expected [true] but found [false]
at test.day4.webHomelogin(day4.java:12)
at java.base/java.util.ArrayList.forEach(ArrayList.java:1596)
... Removed 29 stack frames]]>
    </failure>
  </testcase> <!-- webHomelogin -->
  <testcase classname="test.day1" name="Demo2" time="0.0">
    <ignored/>
  </testcase> <!-- Demo2 -->
</testsuite> <!-- Personal Loan -->
