<?xml version="1.0" encoding="UTF-8"?>
<!-- Generated by org.testng.reporters.JUnitXMLReporter -->
<testsuite ignored="1" hostname="DESKTOP-I41HQ3G" failures="0" tests="5" name="Test" time="0.054" errors="0" timestamp="2024-08-21T21:25:00 SAST">
  <testcase classname="test.day1" name="Demo" time="0.005"/>
  <testcase classname="test.day2" name="ploan" time="0.003"/>
  <testcase classname="test.day4" name="LoginHomeAPI" time="0.001"/>
  <testcase classname="test.day4" name="mobileHomeLogin" time="0.001"/>
  <testcase classname="test.day4" name="webhomelogin" time="0.001"/>
  <testcase classname="test.day1" name="Demo2" time="0.0">
    <ignored/>
  </testcase> <!-- Demo2 -->
</testsuite> <!-- Test -->
