<?xml version="1.0" encoding="UTF-8"?>
<!-- Generated by org.testng.reporters.JUnitXMLReporter -->
<testsuite ignored="3" hostname="DESKTOP-I41HQ3G" failures="0" tests="8" name="Regression" time="0.096" errors="0" timestamp="2024-08-22T19:01:10 SAST">
  <testcase classname="test.day1" name="Demo" time="0.007"/>
  <testcase classname="test.day1" name="Demo2" time="0.002"/>
  <testcase classname="test.day3" name="LoginCarAPI" time="0.001"/>
  <testcase classname="test.day3" name="mobileCarLogout" time="0.001"/>
  <testcase classname="test.day3" name="mobileCarsignin" time="0.002"/>
  <testcase classname="test.day3" name="webCarlogin" time="0.0"/>
  <testcase classname="test.day4" name="mobileHomeLogin" time="0.001"/>
  <testcase classname="test.day4" name="webhomelogin" time="0.009"/>
  <testcase classname="test.day2" name="ploan" time="0.0">
    <ignored/>
  </testcase> <!-- ploan -->
  <testcase classname="test.day3" name="mobileCarLogin" time="0.0">
    <ignored/>
  </testcase> <!-- mobileCarLogin -->
  <testcase classname="test.day4" name="LoginHomeAPI" time="0.0">
    <ignored/>
  </testcase> <!-- LoginHomeAPI -->
</testsuite> <!-- Regression -->
